<component name="libraryTable">
  <library name="junit4-4.8.2">
    <CLASSES>
      <root url="jar://C:/Program Files/Java/jdk1.7.0_71/lib/junit4-4.8.2.jar!/" />
    </CLASSES>
    <JAVADOC />
    <SOURCES />
  </library>
</component>